2024-03-28 16:14:40,164  dundie  ERROR l:29 f:email.py: Cannot send email to ['stanley@dundermifflin.com']
2024-03-28 16:14:40,164  dundie  ERROR l:29 f:email.py: Cannot send email to ['stanley@dundermifflin.com']
2024-03-28 16:14:44,266  dundie  ERROR l:29 f:email.py: Cannot send email to ['jim@dundermifflin.com']
2024-03-28 16:14:44,266  dundie  ERROR l:29 f:email.py: Cannot send email to ['jim@dundermifflin.com']
2024-04-03 03:06:14,778  dundie  ERROR l:30 f:email.py: Cannot send email to ['glewis@dundlermifflin.com']
2024-04-03 03:06:14,778  dundie  ERROR l:30 f:email.py: Cannot send email to ['glewis@dundlermifflin.com']
2024-04-08 00:44:21,049  dundie  ERROR l:30 f:email.py: Cannot send email to ['stanley@dundermifflin.com']
2024-04-08 00:44:21,049  dundie  ERROR l:30 f:email.py: Cannot send email to ['stanley@dundermifflin.com']
2024-04-08 00:44:25,170  dundie  ERROR l:30 f:email.py: Cannot send email to ['jim@dundermifflin.com']
2024-04-08 00:44:25,170  dundie  ERROR l:30 f:email.py: Cannot send email to ['jim@dundermifflin.com']
2024-04-08 00:44:29,331  dundie  ERROR l:30 f:email.py: Cannot send email to ['stanleyh@dundermifflin.com']
2024-04-08 00:44:29,331  dundie  ERROR l:30 f:email.py: Cannot send email to ['stanleyh@dundermifflin.com']
2024-04-08 00:44:33,461  dundie  ERROR l:30 f:email.py: Cannot send email to ['joe@doe.com']
2024-04-08 00:44:33,461  dundie  ERROR l:30 f:email.py: Cannot send email to ['joe@doe.com']
2024-04-08 00:44:37,560  dundie  ERROR l:30 f:email.py: Cannot send email to ['dwight@dundermifflin.com']
2024-04-08 00:44:37,560  dundie  ERROR l:30 f:email.py: Cannot send email to ['dwight@dundermifflin.com']
2024-04-08 00:45:08,356  dundie  ERROR l:30 f:email.py: Cannot send email to ['stanley@dundermifflin.com']
2024-04-08 00:45:08,356  dundie  ERROR l:30 f:email.py: Cannot send email to ['stanley@dundermifflin.com']
2024-04-08 00:45:12,453  dundie  ERROR l:30 f:email.py: Cannot send email to ['jim@dundermifflin.com']
2024-04-08 00:45:12,453  dundie  ERROR l:30 f:email.py: Cannot send email to ['jim@dundermifflin.com']
